<html>
<head>
<title>TestNG:  Regression test suite for Release 10.3</title>
<link href="../testng.css" rel="stylesheet" type="text/css" />
<link href="../my-testng.css" rel="stylesheet" type="text/css" />

<style type="text/css">
.log { display: none;} 
.stack-trace { display: none;} 
</style>
<script type="text/javascript">
<!--
function flip(e) {
  current = e.style.display;
  if (current == 'block') {
    e.style.display = 'none';
    return 0;
  }
  else {
    e.style.display = 'block';
    return 1;
  }
}

function toggleBox(szDivId, elem, msg1, msg2)
{
  var res = -1;  if (document.getElementById) {
    res = flip(document.getElementById(szDivId));
  }
  else if (document.all) {
    // this is the way old msie versions work
    res = flip(document.all[szDivId]);
  }
  if(elem) {
    if(res == 0) elem.innerHTML = msg1; else elem.innerHTML = msg2;
  }

}

function toggleAllBoxes() {
  if (document.getElementsByTagName) {
    d = document.getElementsByTagName('div');
    for (i = 0; i < d.length; i++) {
      if (d[i].className == 'log') {
        flip(d[i]);
      }
    }
  }
}

// -->
</script>

</head>
<body>
<h2 align='center'>Regression test suite for Release 10.3</h2><table border='1' align="center">
<tr>
<td>Tests passed/Failed/Skipped:</td><td>14/2/0</td>
</tr><tr>
<td>Started on:</td><td>Sat Jun 18 10:18:18 EDT 2022</td>
</tr>
<tr><td>Total time:</td><td>32 seconds (32463 ms)</td>
</tr><tr>
<td>Included groups:</td><td></td>
</tr><tr>
<td>Excluded groups:</td><td></td>
</tr>
</table><p/>
<small><i>(Hover the method name to see the test class name)</i></small><p/>
<table width='100%' border='1' class='invocation-failed'>
<tr><td colspan='4' align='center'><b>FAILED TESTS</b></td></tr>
<tr><td><b>Test method</b></td>
<td width="30%"><b>Exception</b></td>
<td width="10%"><b>Time (seconds)</b></td>
<td><b>Instance</b></td>
</tr>
<tr>
<td title='Templates.NGTemplateThree.btest()'><b>btest</b><br>Test class: Templates.NGTemplateThree<br/>
<a href="#Output-2129442232" onClick='toggleBox("Output-2129442232", this, "Show output", "Hide output");'>Show output</a>

<a href="#Output-2129442232" onClick="toggleAllBoxes();">Show all outputs</a>
<div class='log' id="Output-2129442232">
Test to validate negative login<br/>
</div>
</td>
<td><div><pre>java.lang.AssertionError: expected [xyz1] but found [xyz]
	at Templates.NGTemplateThree.btest(NGTemplateThree.java:59)
... Removed 29 stack frames</pre></div><a href='#' onClick='toggleBox("stack-trace2129442232", this, "Click to show all stack frames", "Click to hide stack frames")'>Click to show all stack frames</a>
<div class='stack-trace' id='stack-trace2129442232'><pre>java.lang.AssertionError: expected [xyz1] but found [xyz]
	at org.testng.Assert.fail(Assert.java:94)
	at org.testng.Assert.failNotEquals(Assert.java:496)
	at org.testng.Assert.assertEquals(Assert.java:125)
	at org.testng.Assert.assertEquals(Assert.java:178)
	at org.testng.Assert.assertEquals(Assert.java:188)
	at Templates.NGTemplateThree.btest(NGTemplateThree.java:59)
	at sun.reflect.NativeMethodAccessorImpl.invoke0(Native Method)
	at sun.reflect.NativeMethodAccessorImpl.invoke(Unknown Source)
	at sun.reflect.DelegatingMethodAccessorImpl.invoke(Unknown Source)
	at java.lang.reflect.Method.invoke(Unknown Source)
	at org.testng.internal.MethodInvocationHelper.invokeMethod(MethodInvocationHelper.java:85)
	at org.testng.internal.Invoker.invokeMethod(Invoker.java:639)
	at org.testng.internal.Invoker.invokeTestMethod(Invoker.java:816)
	at org.testng.internal.Invoker.invokeTestMethods(Invoker.java:1124)
	at org.testng.internal.TestMethodWorker.invokeTestMethods(TestMethodWorker.java:125)
	at org.testng.internal.TestMethodWorker.run(TestMethodWorker.java:108)
	at org.testng.TestRunner.privateRun(TestRunner.java:774)
	at org.testng.TestRunner.run(TestRunner.java:624)
	at org.testng.SuiteRunner.runTest(SuiteRunner.java:359)
	at org.testng.SuiteRunner.runSequentially(SuiteRunner.java:354)
	at org.testng.SuiteRunner.privateRun(SuiteRunner.java:312)
	at org.testng.SuiteRunner.run(SuiteRunner.java:261)
	at org.testng.SuiteRunnerWorker.runSuite(SuiteRunnerWorker.java:52)
	at org.testng.SuiteRunnerWorker.run(SuiteRunnerWorker.java:86)
	at org.testng.TestNG.runSuitesSequentially(TestNG.java:1215)
	at org.testng.TestNG.runSuitesLocally(TestNG.java:1140)
	at org.testng.TestNG.run(TestNG.java:1048)
	at org.testng.remote.AbstractRemoteTestNG.run(AbstractRemoteTestNG.java:115)
	at org.testng.remote.RemoteTestNG.initAndRun(RemoteTestNG.java:251)
	at org.testng.remote.RemoteTestNG.main(RemoteTestNG.java:77)
</pre></div></td>
<td>0</td>
<td>Templates.NGTemplateThree@56f4468b</td></tr>
<tr>
<td title='sauceDemoTests.loginValidationV2.performanceGlitchUserLogin()'><b>performanceGlitchUserLogin</b><br>Test class: sauceDemoTests.loginValidationV2<br/>
<a href="#Output-116669570" onClick='toggleBox("Output-116669570", this, "Show output", "Hide output");'>Show output</a>

<a href="#Output-116669570" onClick="toggleAllBoxes();">Show all outputs</a>
<div class='log' id="Output-116669570">
performance glitch user successul login scenario<br/>
</div>
</td>
<td><div><pre>java.lang.AssertionError: expected [https://www.saucedemo.com/inventor.html] but found [https://www.saucedemo.com/inventory.html]
	at sauceDemoTests.loginValidationV2.performanceGlitchUserLogin(loginValidationV2.java:126)
... Removed 29 stack frames</pre></div><a href='#' onClick='toggleBox("stack-trace116669570", this, "Click to show all stack frames", "Click to hide stack frames")'>Click to show all stack frames</a>
<div class='stack-trace' id='stack-trace116669570'><pre>java.lang.AssertionError: expected [https://www.saucedemo.com/inventor.html] but found [https://www.saucedemo.com/inventory.html]
	at org.testng.Assert.fail(Assert.java:94)
	at org.testng.Assert.failNotEquals(Assert.java:496)
	at org.testng.Assert.assertEquals(Assert.java:125)
	at org.testng.Assert.assertEquals(Assert.java:178)
	at org.testng.Assert.assertEquals(Assert.java:188)
	at sauceDemoTests.loginValidationV2.performanceGlitchUserLogin(loginValidationV2.java:126)
	at sun.reflect.NativeMethodAccessorImpl.invoke0(Native Method)
	at sun.reflect.NativeMethodAccessorImpl.invoke(Unknown Source)
	at sun.reflect.DelegatingMethodAccessorImpl.invoke(Unknown Source)
	at java.lang.reflect.Method.invoke(Unknown Source)
	at org.testng.internal.MethodInvocationHelper.invokeMethod(MethodInvocationHelper.java:85)
	at org.testng.internal.Invoker.invokeMethod(Invoker.java:639)
	at org.testng.internal.Invoker.invokeTestMethod(Invoker.java:816)
	at org.testng.internal.Invoker.invokeTestMethods(Invoker.java:1124)
	at org.testng.internal.TestMethodWorker.invokeTestMethods(TestMethodWorker.java:125)
	at org.testng.internal.TestMethodWorker.run(TestMethodWorker.java:108)
	at org.testng.TestRunner.privateRun(TestRunner.java:774)
	at org.testng.TestRunner.run(TestRunner.java:624)
	at org.testng.SuiteRunner.runTest(SuiteRunner.java:359)
	at org.testng.SuiteRunner.runSequentially(SuiteRunner.java:354)
	at org.testng.SuiteRunner.privateRun(SuiteRunner.java:312)
	at org.testng.SuiteRunner.run(SuiteRunner.java:261)
	at org.testng.SuiteRunnerWorker.runSuite(SuiteRunnerWorker.java:52)
	at org.testng.SuiteRunnerWorker.run(SuiteRunnerWorker.java:86)
	at org.testng.TestNG.runSuitesSequentially(TestNG.java:1215)
	at org.testng.TestNG.runSuitesLocally(TestNG.java:1140)
	at org.testng.TestNG.run(TestNG.java:1048)
	at org.testng.remote.AbstractRemoteTestNG.run(AbstractRemoteTestNG.java:115)
	at org.testng.remote.RemoteTestNG.initAndRun(RemoteTestNG.java:251)
	at org.testng.remote.RemoteTestNG.main(RemoteTestNG.java:77)
</pre></div></td>
<td>7</td>
<td>sauceDemoTests.loginValidationV2@23ceabc1</td></tr>
</table><p>
<table width='100%' border='1' class='invocation-passed'>
<tr><td colspan='4' align='center'><b>PASSED TESTS</b></td></tr>
<tr><td><b>Test method</b></td>
<td width="30%"><b>Exception</b></td>
<td width="10%"><b>Time (seconds)</b></td>
<td><b>Instance</b></td>
</tr>
<tr>
<td title='sauceDemoTests.sauceDemoEndtoEnd.addCartValidation()'><b>addCartValidation</b><br>Test class: sauceDemoTests.sauceDemoEndtoEnd<br/>
<a href="#Output-1147805316" onClick='toggleBox("Output-1147805316", this, "Show output", "Hide output");'>Show output</a>

<a href="#Output-1147805316" onClick="toggleAllBoxes();">Show all outputs</a>
<div class='log' id="Output-1147805316">
validating product availability in the cart<br/>
</div>
</td>
<td></td>
<td>0</td>
<td>sauceDemoTests.sauceDemoEndtoEnd@5d5eef3d</td></tr>
<tr>
<td title='Templates.NGTemplateThree.atest()'><b>atest</b><br>Test class: Templates.NGTemplateThree<br/>
<a href="#Output-947553027" onClick='toggleBox("Output-947553027", this, "Show output", "Hide output");'>Show output</a>

<a href="#Output-947553027" onClick="toggleAllBoxes();">Show all outputs</a>
<div class='log' id="Output-947553027">
Test to validate positive login<br/>
</div>
</td>
<td></td>
<td>0</td>
<td>Templates.NGTemplateThree@56f4468b</td></tr>
<tr>
<td title='sauceDemoTests.sauceDemoEndtoEnd.buyerInfoValidation()'><b>buyerInfoValidation</b><br>Test class: sauceDemoTests.sauceDemoEndtoEnd<br/>
<a href="#Output-1204481453" onClick='toggleBox("Output-1204481453", this, "Show output", "Hide output");'>Show output</a>

<a href="#Output-1204481453" onClick="toggleAllBoxes();">Show all outputs</a>
<div class='log' id="Output-1204481453">
Buyer information validation<br/>
</div>
</td>
<td></td>
<td>0</td>
<td>sauceDemoTests.sauceDemoEndtoEnd@5d5eef3d</td></tr>
<tr>
<td title='sauceDemoTests.sauceDemoEndtoEnd.completeCheckout()'><b>completeCheckout</b><br>Test class: sauceDemoTests.sauceDemoEndtoEnd<br/>
<a href="#Output-1899600175" onClick='toggleBox("Output-1899600175", this, "Show output", "Hide output");'>Show output</a>

<a href="#Output-1899600175" onClick="toggleAllBoxes();">Show all outputs</a>
<div class='log' id="Output-1899600175">
checkout completion<br/>
</div>
</td>
<td></td>
<td>0</td>
<td>sauceDemoTests.sauceDemoEndtoEnd@5d5eef3d</td></tr>
<tr>
<td title='Templates.NGTemplateThree.ctest()'><b>ctest</b><br>Test class: Templates.NGTemplateThree<br/>
<a href="#Output-1552326679" onClick='toggleBox("Output-1552326679", this, "Show output", "Hide output");'>Show output</a>

<a href="#Output-1552326679" onClick="toggleAllBoxes();">Show all outputs</a>
<div class='log' id="Output-1552326679">
Test to validate login elements<br/>
</div>
</td>
<td></td>
<td>0</td>
<td>Templates.NGTemplateThree@56f4468b</td></tr>
<tr>
<td title='Templates.NGTemplateThree.dtest()'><b>dtest</b><br>Test class: Templates.NGTemplateThree<br/>
<a href="#Output-1902671237" onClick='toggleBox("Output-1902671237", this, "Show output", "Hide output");'>Show output</a>

<a href="#Output-1902671237" onClick="toggleAllBoxes();">Show all outputs</a>
<div class='log' id="Output-1902671237">
Test to validate login elements present or not<br/>
</div>
</td>
<td></td>
<td>0</td>
<td>Templates.NGTemplateThree@56f4468b</td></tr>
<tr>
<td title='sauceDemoTests.loginValidationV2.lockedOutUserLogin()'><b>lockedOutUserLogin</b><br>Test class: sauceDemoTests.loginValidationV2<br/>
<a href="#Output-1795816257" onClick='toggleBox("Output-1795816257", this, "Show output", "Hide output");'>Show output</a>

<a href="#Output-1795816257" onClick="toggleAllBoxes();">Show all outputs</a>
<div class='log' id="Output-1795816257">
locked out user unsuccessul login scenario<br/>
</div>
</td>
<td></td>
<td>2</td>
<td>sauceDemoTests.loginValidationV2@23ceabc1</td></tr>
<tr>
<td title='sauceDemoTests.sauceDemoEndtoEnd.loginTest()'><b>loginTest</b><br>Test class: sauceDemoTests.sauceDemoEndtoEnd<br/>
<a href="#Output-93199773" onClick='toggleBox("Output-93199773", this, "Show output", "Hide output");'>Show output</a>

<a href="#Output-93199773" onClick="toggleAllBoxes();">Show all outputs</a>
<div class='log' id="Output-93199773">
Standard user successul login scenario<br/>
</div>
</td>
<td></td>
<td>0</td>
<td>sauceDemoTests.sauceDemoEndtoEnd@5d5eef3d</td></tr>
<tr>
<td title='sauceDemoTests.loginValidationV2.problemUserLogin()'><b>problemUserLogin</b><br>Test class: sauceDemoTests.loginValidationV2<br/>
<a href="#Output-603305436" onClick='toggleBox("Output-603305436", this, "Show output", "Hide output");'>Show output</a>

<a href="#Output-603305436" onClick="toggleAllBoxes();">Show all outputs</a>
<div class='log' id="Output-603305436">
problem user successul login scenario<br/>
</div>
</td>
<td></td>
<td>2</td>
<td>sauceDemoTests.loginValidationV2@23ceabc1</td></tr>
<tr>
<td title='sauceDemoTests.loginValidationV2.standardUserLogin()'><b>standardUserLogin</b><br>Test class: sauceDemoTests.loginValidationV2<br/>
<a href="#Output-2053996178" onClick='toggleBox("Output-2053996178", this, "Show output", "Hide output");'>Show output</a>

<a href="#Output-2053996178" onClick="toggleAllBoxes();">Show all outputs</a>
<div class='log' id="Output-2053996178">
Standard user successul login scenario<br/>
</div>
</td>
<td></td>
<td>1</td>
<td>sauceDemoTests.loginValidationV2@23ceabc1</td></tr>
<tr>
<td title='sauceDemoTests.loginvalidation.successfulLogin()'><b>successfulLogin</b><br>Test class: sauceDemoTests.loginvalidation</td>
<td></td>
<td>2</td>
<td>sauceDemoTests.loginvalidation@5dfcfece</td></tr>
<tr>
<td title='sauceDemoTests.loginvalidation.unsuccessfulLogin()'><b>unsuccessfulLogin</b><br>Test class: sauceDemoTests.loginvalidation</td>
<td></td>
<td>2</td>
<td>sauceDemoTests.loginvalidation@5dfcfece</td></tr>
<tr>
<td title='Templates.NGTemplateTwo.validateLoginElement()'><b>validateLoginElement</b><br>Test class: Templates.NGTemplateTwo</td>
<td></td>
<td>0</td>
<td>Templates.NGTemplateTwo@6cc4c815</td></tr>
<tr>
<td title='Templates.NGTemplateTwo.validatelogin()'><b>validatelogin</b><br>Test class: Templates.NGTemplateTwo</td>
<td></td>
<td>0</td>
<td>Templates.NGTemplateTwo@6cc4c815</td></tr>
</table><p>
</body>
</html>