<?xml version="1.0" encoding="UTF-8"?>
<!-- Generated by org.testng.reporters.JUnitXMLReporter -->
<testsuite hostname="DESKTOP-E69K95O" name="smoke test suite for Release 10.3" tests="10" failures="1" timestamp="12 Jun 2022 16:13:02 GMT" time="31.016" errors="0">
  <testcase name="successfulLogin" time="2.393" classname="sauceDemoTests.loginvalidation"/>
  <testcase name="unsuccessfulLogin" time="2.254" classname="sauceDemoTests.loginvalidation"/>
  <testcase name="standardUserLogin" time="1.359" classname="sauceDemoTests.loginValidationV2"/>
  <testcase name="lockedOutUserLogin" time="2.249" classname="sauceDemoTests.loginValidationV2"/>
  <testcase name="problemUserLogin" time="2.305" classname="sauceDemoTests.loginValidationV2"/>
  <testcase name="performanceGlitchUserLogin" time="7.304" classname="sauceDemoTests.loginValidationV2">
    <failure type="java.lang.AssertionError" message="expected [https://www.saucedemo.com/inventor.html] but found [https://www.saucedemo.com/inventory.html]">
      <![CDATA[java.lang.AssertionError: expected [https://www.saucedemo.com/inventor.html] but found [https://www.saucedemo.com/inventory.html]
	at sauceDemoTests.loginValidationV2.performanceGlitchUserLogin(loginValidationV2.java:126)
... Removed 29 stack frames]]>
    </failure>
  </testcase> <!-- performanceGlitchUserLogin -->
  <testcase name="loginTest" time="0.382" classname="sauceDemoTests.sauceDemoEndtoEnd"/>
  <testcase name="addCartValidation" time="0.192" classname="sauceDemoTests.sauceDemoEndtoEnd"/>
  <testcase name="buyerInfoValidation" time="0.447" classname="sauceDemoTests.sauceDemoEndtoEnd"/>
  <testcase name="completeCheckout" time="0.073" classname="sauceDemoTests.sauceDemoEndtoEnd"/>
</testsuite> <!-- smoke test suite for Release 10.3 -->
